<?xml version="1.0" encoding="UTF-8"?>
<testsuite name="edu.jsu.mcis.HangmanTest" tests="5" skipped="0" failures="0" errors="0" timestamp="2015-09-18T21:12:08" hostname="Whitneys-pc" time="0.016">
  <properties/>
  <testcase name="testSixOrMoreMissesCausesALoss" classname="edu.jsu.mcis.HangmanTest" time="0.016"/>
  <testcase name="testGuessLetterReturnsCorrectOccurrences" classname="edu.jsu.mcis.HangmanTest" time="0.0"/>
  <testcase name="testGuessingEveryLetterBeforeSixMissesCausesAWin" classname="edu.jsu.mcis.HangmanTest" time="0.0"/>
  <testcase name="testAllLettersAvailableAtBeginning" classname="edu.jsu.mcis.HangmanTest" time="0.0"/>
  <testcase name="testGuessLetterMakesItUnavailable" classname="edu.jsu.mcis.HangmanTest" time="0.0"/>
  <system-out><![CDATA[]]></system-out>
  <system-err><![CDATA[]]></system-err>
</testsuite>
